mode: count
github.com/amitm1/go-service/conf/config.go:19.54,21.16 2 0
github.com/amitm1/go-service/conf/config.go:25.2,29.72 4 0
github.com/amitm1/go-service/conf/config.go:37.2,37.45 1 0
github.com/amitm1/go-service/conf/config.go:41.2,41.36 1 0
github.com/amitm1/go-service/conf/config.go:21.16,23.3 1 0
github.com/amitm1/go-service/conf/config.go:29.72,31.3 1 0
github.com/amitm1/go-service/conf/config.go:31.3,35.3 3 0
github.com/amitm1/go-service/conf/config.go:37.45,39.3 1 0
github.com/amitm1/go-service/conf/logging.go:19.69,21.16 2 0
github.com/amitm1/go-service/conf/logging.go:26.2,26.23 1 0
github.com/amitm1/go-service/conf/logging.go:34.2,34.24 1 0
github.com/amitm1/go-service/conf/logging.go:43.2,48.69 2 0
github.com/amitm1/go-service/conf/logging.go:21.16,23.3 1 0
github.com/amitm1/go-service/conf/logging.go:26.23,28.21 2 0
github.com/amitm1/go-service/conf/logging.go:31.3,31.39 1 0
github.com/amitm1/go-service/conf/logging.go:28.21,30.4 1 0
github.com/amitm1/go-service/conf/logging.go:34.24,36.17 2 0
github.com/amitm1/go-service/conf/logging.go:39.3,39.25 1 0
github.com/amitm1/go-service/conf/logging.go:36.17,38.4 1 0
github.com/amitm1/go-service/conf/reflect.go:13.54,15.16 2 0
github.com/amitm1/go-service/conf/reflect.go:19.2,19.20 1 0
github.com/amitm1/go-service/conf/reflect.go:15.16,17.3 1 0
github.com/amitm1/go-service/conf/reflect.go:22.61,23.31 1 3
github.com/amitm1/go-service/conf/reflect.go:28.2,29.34 2 3
github.com/amitm1/go-service/conf/reflect.go:34.2,37.38 2 3
github.com/amitm1/go-service/conf/reflect.go:64.2,64.12 1 3
github.com/amitm1/go-service/conf/reflect.go:23.31,25.3 1 0
github.com/amitm1/go-service/conf/reflect.go:29.34,31.3 1 0
github.com/amitm1/go-service/conf/reflect.go:37.38,42.27 4 6
github.com/amitm1/go-service/conf/reflect.go:43.23,44.68 1 1
github.com/amitm1/go-service/conf/reflect.go:47.20,48.15 1 1
github.com/amitm1/go-service/conf/reflect.go:49.22,50.15 1 1
github.com/amitm1/go-service/conf/reflect.go:51.22,54.31 2 1
github.com/amitm1/go-service/conf/reflect.go:55.23,56.45 1 3
github.com/amitm1/go-service/conf/reflect.go:57.21,58.41 1 1
github.com/amitm1/go-service/conf/reflect.go:59.11,60.82 1 0
github.com/amitm1/go-service/conf/reflect.go:44.68,46.5 1 0
github.com/amitm1/go-service/conf/reflect.go:67.47,70.15 2 6
github.com/amitm1/go-service/conf/reflect.go:78.2,78.19 1 0
github.com/amitm1/go-service/conf/reflect.go:70.15,71.70 1 6
github.com/amitm1/go-service/conf/reflect.go:71.70,72.37 1 18
github.com/amitm1/go-service/conf/reflect.go:72.37,74.5 1 6
github.com/amitm1/go-service/config/config.go:19.26,23.62 3 0
github.com/amitm1/go-service/config/config.go:27.2,27.14 1 0
github.com/amitm1/go-service/config/config.go:23.62,25.3 1 0
github.com/amitm1/go-service/healthcheck/healthcheck.go:13.27,15.2 1 0
github.com/amitm1/go-service/healthcheck/healthcheck.go:17.23,21.2 2 1
github.com/amitm1/go-service/healthcheck/healthcheck.go:24.58,33.2 1 0
github.com/amitm1/go-service/healthcheck/healthcheck.go:36.56,45.2 1 0
github.com/amitm1/go-service/healthcheck/healthcheck.go:47.65,64.2 1 0
github.com/amitm1/go-service/healthcheck/healthcheck.go:66.13,70.2 2 1
github.com/amitm1/go-service/healthcheck/healthcheck.go:13.27,15.2 1 0
github.com/amitm1/go-service/healthcheck/healthcheck.go:17.23,21.2 2 1
github.com/amitm1/go-service/healthcheck/healthcheck.go:24.58,33.2 1 0
github.com/amitm1/go-service/healthcheck/healthcheck.go:36.56,45.2 1 0
github.com/amitm1/go-service/healthcheck/healthcheck.go:47.65,64.2 1 0
github.com/amitm1/go-service/healthcheck/healthcheck.go:66.13,70.2 2 1
github.com/amitm1/go-service/misc/dependencies.go:7.66,9.2 0 0
github.com/amitm1/go-service/misc/swagger.go:7.61,9.2 0 0
github.com/amitm1/go-service/misc/dependencies.go:7.66,9.2 0 0
github.com/amitm1/go-service/misc/swagger.go:7.61,9.2 0 0
github.com/amitm1/go-service/main.go:33.13,39.15 3 0
github.com/amitm1/go-service/main.go:44.1,45.41 2 0
github.com/amitm1/go-service/main.go:104.2,105.17 2 0
github.com/amitm1/go-service/main.go:109.2,118.49 8 0
github.com/amitm1/go-service/main.go:39.15,42.2 2 0
github.com/amitm1/go-service/main.go:45.41,47.2 1 0
github.com/amitm1/go-service/main.go:105.17,107.3 0 0
github.com/amitm1/go-service/main.go:122.30,133.2 5 0
github.com/amitm1/go-service/main.go:135.53,137.31 1 0
github.com/amitm1/go-service/main.go:137.31,147.3 4 0
github.com/amitm1/go-service/main.go:151.71,152.71 1 1
github.com/amitm1/go-service/main.go:152.71,182.3 14 1
github.com/amitm1/go-service/main.go:185.40,188.15 2 3
github.com/amitm1/go-service/main.go:188.15,190.3 1 1
github.com/amitm1/go-service/main.go:190.3,192.3 1 2
github.com/amitm1/go-service/main.go:195.54,201.26 4 2
github.com/amitm1/go-service/main.go:205.2,205.37 1 2
github.com/amitm1/go-service/main.go:201.26,203.3 1 24
github.com/amitm1/go-service/main.go:208.55,215.16 5 0
github.com/amitm1/go-service/main.go:219.2,223.12 3 0
github.com/amitm1/go-service/main.go:215.16,217.3 1 0
